<?xml version="1.0" encoding="UTF-8"?>
<testsuite xmlns:xsi="http://www.w3.org/2001/XMLSchema-instance" xsi:noNamespaceSchemaLocation="https://maven.apache.org/surefire/maven-surefire-plugin/xsd/surefire-test-report-3.0.xsd" version="3.0" name="com.example.test.ComprehensiveSystemTest" time="0.285" tests="6" errors="0" skipped="0" failures="0">
  <properties>
    <property name="java.specification.version" value="25"/>
    <property name="sun.jnu.encoding" value="UTF-8"/>
    <property name="java.class.path" value="/home/bammm/coding/tubes-sda1/hospital/target/test-classes:/home/bammm/coding/tubes-sda1/hospital/target/classes:/home/bammm/.m2/repository/org/openjfx/javafx-controls/17.0.2/javafx-controls-17.0.2.jar:/home/bammm/.m2/repository/org/openjfx/javafx-controls/17.0.2/javafx-controls-17.0.2-linux.jar:/home/bammm/.m2/repository/org/openjfx/javafx-fxml/17.0.2/javafx-fxml-17.0.2.jar:/home/bammm/.m2/repository/org/openjfx/javafx-fxml/17.0.2/javafx-fxml-17.0.2-linux.jar:/home/bammm/.m2/repository/org/openjfx/javafx-graphics/17.0.2/javafx-graphics-17.0.2.jar:/home/bammm/.m2/repository/org/openjfx/javafx-graphics/17.0.2/javafx-graphics-17.0.2-linux.jar:/home/bammm/.m2/repository/org/openjfx/javafx-base/17.0.2/javafx-base-17.0.2.jar:/home/bammm/.m2/repository/org/openjfx/javafx-base/17.0.2/javafx-base-17.0.2-linux.jar:/home/bammm/.m2/repository/com/fasterxml/jackson/core/jackson-databind/2.15.2/jackson-databind-2.15.2.jar:/home/bammm/.m2/repository/com/fasterxml/jackson/core/jackson-annotations/2.15.2/jackson-annotations-2.15.2.jar:/home/bammm/.m2/repository/com/fasterxml/jackson/core/jackson-core/2.15.2/jackson-core-2.15.2.jar:/home/bammm/.m2/repository/com/fasterxml/jackson/datatype/jackson-datatype-jsr310/2.15.2/jackson-datatype-jsr310-2.15.2.jar:/home/bammm/.m2/repository/org/kordamp/bootstrapfx/bootstrapfx-core/0.4.0/bootstrapfx-core-0.4.0.jar:/home/bammm/.m2/repository/org/kordamp/ikonli/ikonli-javafx/12.3.1/ikonli-javafx-12.3.1.jar:/home/bammm/.m2/repository/org/kordamp/ikonli/ikonli-core/12.3.1/ikonli-core-12.3.1.jar:/home/bammm/.m2/repository/org/kordamp/ikonli/ikonli-fontawesome5-pack/12.3.1/ikonli-fontawesome5-pack-12.3.1.jar:/home/bammm/.m2/repository/org/kordamp/ikonli/ikonli-material-pack/12.3.1/ikonli-material-pack-12.3.1.jar:/home/bammm/.m2/repository/org/kordamp/ikonli/ikonli-materialdesign-pack/12.3.1/ikonli-materialdesign-pack-12.3.1.jar:/home/bammm/.m2/repository/org/junit/jupiter/junit-jupiter-api/5.8.2/junit-jupiter-api-5.8.2.jar:/home/bammm/.m2/repository/org/opentest4j/opentest4j/1.2.0/opentest4j-1.2.0.jar:/home/bammm/.m2/repository/org/junit/platform/junit-platform-commons/1.8.2/junit-platform-commons-1.8.2.jar:/home/bammm/.m2/repository/org/apiguardian/apiguardian-api/1.1.2/apiguardian-api-1.1.2.jar:/home/bammm/.m2/repository/org/junit/jupiter/junit-jupiter-engine/5.8.2/junit-jupiter-engine-5.8.2.jar:/home/bammm/.m2/repository/org/junit/platform/junit-platform-engine/1.8.2/junit-platform-engine-1.8.2.jar:"/>
    <property name="java.vm.vendor" value="Oracle Corporation"/>
    <property name="sun.arch.data.model" value="64"/>
    <property name="java.vendor.url" value="https://java.oracle.com/"/>
    <property name="user.timezone" value="Asia/Jakarta"/>
    <property name="os.name" value="Linux"/>
    <property name="java.vm.specification.version" value="25"/>
    <property name="sun.java.launcher" value="SUN_STANDARD"/>
    <property name="user.country" value="US"/>
    <property name="sun.boot.library.path" value="/usr/lib/jvm/java-25-openjdk/lib"/>
    <property name="sun.java.command" value="/home/bammm/coding/tubes-sda1/hospital/target/surefire/surefirebooter-20250615203211426_3.jar /home/bammm/coding/tubes-sda1/hospital/target/surefire 2025-06-15T20-32-11_224-jvmRun1 surefire-20250615203211426_1tmp surefire_0-20250615203211426_2tmp"/>
    <property name="jdk.debug" value="release"/>
    <property name="test" value="ComprehensiveSystemTest"/>
    <property name="surefire.test.class.path" value="/home/bammm/coding/tubes-sda1/hospital/target/test-classes:/home/bammm/coding/tubes-sda1/hospital/target/classes:/home/bammm/.m2/repository/org/openjfx/javafx-controls/17.0.2/javafx-controls-17.0.2.jar:/home/bammm/.m2/repository/org/openjfx/javafx-controls/17.0.2/javafx-controls-17.0.2-linux.jar:/home/bammm/.m2/repository/org/openjfx/javafx-fxml/17.0.2/javafx-fxml-17.0.2.jar:/home/bammm/.m2/repository/org/openjfx/javafx-fxml/17.0.2/javafx-fxml-17.0.2-linux.jar:/home/bammm/.m2/repository/org/openjfx/javafx-graphics/17.0.2/javafx-graphics-17.0.2.jar:/home/bammm/.m2/repository/org/openjfx/javafx-graphics/17.0.2/javafx-graphics-17.0.2-linux.jar:/home/bammm/.m2/repository/org/openjfx/javafx-base/17.0.2/javafx-base-17.0.2.jar:/home/bammm/.m2/repository/org/openjfx/javafx-base/17.0.2/javafx-base-17.0.2-linux.jar:/home/bammm/.m2/repository/com/fasterxml/jackson/core/jackson-databind/2.15.2/jackson-databind-2.15.2.jar:/home/bammm/.m2/repository/com/fasterxml/jackson/core/jackson-annotations/2.15.2/jackson-annotations-2.15.2.jar:/home/bammm/.m2/repository/com/fasterxml/jackson/core/jackson-core/2.15.2/jackson-core-2.15.2.jar:/home/bammm/.m2/repository/com/fasterxml/jackson/datatype/jackson-datatype-jsr310/2.15.2/jackson-datatype-jsr310-2.15.2.jar:/home/bammm/.m2/repository/org/kordamp/bootstrapfx/bootstrapfx-core/0.4.0/bootstrapfx-core-0.4.0.jar:/home/bammm/.m2/repository/org/kordamp/ikonli/ikonli-javafx/12.3.1/ikonli-javafx-12.3.1.jar:/home/bammm/.m2/repository/org/kordamp/ikonli/ikonli-core/12.3.1/ikonli-core-12.3.1.jar:/home/bammm/.m2/repository/org/kordamp/ikonli/ikonli-fontawesome5-pack/12.3.1/ikonli-fontawesome5-pack-12.3.1.jar:/home/bammm/.m2/repository/org/kordamp/ikonli/ikonli-material-pack/12.3.1/ikonli-material-pack-12.3.1.jar:/home/bammm/.m2/repository/org/kordamp/ikonli/ikonli-materialdesign-pack/12.3.1/ikonli-materialdesign-pack-12.3.1.jar:/home/bammm/.m2/repository/org/junit/jupiter/junit-jupiter-api/5.8.2/junit-jupiter-api-5.8.2.jar:/home/bammm/.m2/repository/org/opentest4j/opentest4j/1.2.0/opentest4j-1.2.0.jar:/home/bammm/.m2/repository/org/junit/platform/junit-platform-commons/1.8.2/junit-platform-commons-1.8.2.jar:/home/bammm/.m2/repository/org/apiguardian/apiguardian-api/1.1.2/apiguardian-api-1.1.2.jar:/home/bammm/.m2/repository/org/junit/jupiter/junit-jupiter-engine/5.8.2/junit-jupiter-engine-5.8.2.jar:/home/bammm/.m2/repository/org/junit/platform/junit-platform-engine/1.8.2/junit-platform-engine-1.8.2.jar:"/>
    <property name="sun.cpu.endian" value="little"/>
    <property name="user.home" value="/home/bammm"/>
    <property name="user.language" value="en"/>
    <property name="java.specification.vendor" value="Oracle Corporation"/>
    <property name="java.version.date" value="2025-09-16"/>
    <property name="java.home" value="/usr/lib/jvm/java-25-openjdk"/>
    <property name="file.separator" value="/"/>
    <property name="basedir" value="/home/bammm/coding/tubes-sda1/hospital"/>
    <property name="java.vm.compressedOopsMode" value="Zero based"/>
    <property name="line.separator" value="&#10;"/>
    <property name="java.specification.name" value="Java Platform API Specification"/>
    <property name="java.vm.specification.vendor" value="Oracle Corporation"/>
    <property name="surefire.real.class.path" value="/home/bammm/coding/tubes-sda1/hospital/target/surefire/surefirebooter-20250615203211426_3.jar"/>
    <property name="sun.management.compiler" value="HotSpot 64-Bit Tiered Compilers"/>
    <property name="java.runtime.version" value="25-ea+26-3358"/>
    <property name="user.name" value="bammm"/>
    <property name="stdout.encoding" value="UTF-8"/>
    <property name="path.separator" value=":"/>
    <property name="os.version" value="6.15.2-arch1-1"/>
    <property name="java.runtime.name" value="OpenJDK Runtime Environment"/>
    <property name="file.encoding" value="UTF-8"/>
    <property name="java.vm.name" value="OpenJDK 64-Bit Server VM"/>
    <property name="localRepository" value="/home/bammm/.m2/repository"/>
    <property name="java.vendor.url.bug" value="https://bugreport.java.com/bugreport/"/>
    <property name="java.io.tmpdir" value="/tmp"/>
    <property name="java.version" value="25-ea"/>
    <property name="user.dir" value="/home/bammm/coding/tubes-sda1/hospital"/>
    <property name="os.arch" value="amd64"/>
    <property name="java.vm.specification.name" value="Java Virtual Machine Specification"/>
    <property name="native.encoding" value="UTF-8"/>
    <property name="java.library.path" value="/usr/java/packages/lib:/usr/lib64:/lib64:/lib:/usr/lib"/>
    <property name="java.vm.info" value="mixed mode, sharing"/>
    <property name="stderr.encoding" value="UTF-8"/>
    <property name="java.vendor" value="Oracle Corporation"/>
    <property name="java.vm.version" value="25-ea+26-3358"/>
    <property name="stdin.encoding" value="UTF-8"/>
    <property name="sun.io.unicode.encoding" value="UnicodeLittle"/>
    <property name="java.class.version" value="69.0"/>
  </properties>
  <testcase name="testPatientDiagnosisStructure" classname="com.example.test.ComprehensiveSystemTest" time="0.213">
    <system-out><![CDATA[Testing Patient Diagnosis Structure...
✓ Patient diagnosis structure verified
Test completed.

]]></system-out>
  </testcase>
  <testcase name="testDoctorAvailability" classname="com.example.test.ComprehensiveSystemTest" time="0.008">
    <system-out><![CDATA[Testing Doctor Availability...
Found 7 doctors available for booking
✓ Doctor availability structure verified
Test completed.

]]></system-out>
  </testcase>
  <testcase name="testSystemIntegration" classname="com.example.test.ComprehensiveSystemTest" time="0.01">
    <system-out><![CDATA[Testing System Integration...
✓ System integration verified
Test completed.

]]></system-out>
  </testcase>
  <testcase name="testDiagnosisCreation" classname="com.example.test.ComprehensiveSystemTest" time="0.012">
    <system-out><![CDATA[Testing Diagnosis Creation...
✓ Diagnosis creation working correctly
Test completed.

]]></system-out>
  </testcase>
  <testcase name="testAppointmentTimeValidation" classname="com.example.test.ComprehensiveSystemTest" time="0.008">
    <system-out><![CDATA[Testing Appointment Time Validation...
✓ Appointment time validation working correctly
Test completed.

]]></system-out>
  </testcase>
  <testcase name="testTimeConflictDetection" classname="com.example.test.ComprehensiveSystemTest" time="0.009">
    <system-out><![CDATA[Testing Time Conflict Detection...
✓ Time conflict detection working correctly
Test completed.

]]></system-out>
  </testcase>
</testsuite>